2018-12-17 15:35:36,466 - Log4JLogChute initialized using file 'velocity.log'
2018-12-17 15:35:36,467 - Initializing Velocity, Calling init()...
2018-12-17 15:35:36,467 - Starting Apache Velocity v1.7 (compiled: 2010-11-19 12:14:37)
2018-12-17 15:35:36,467 - Default Properties File: org\apache\velocity\runtime\defaults\velocity.properties
2018-12-17 15:35:36,467 - Trying to use logger class org.apache.velocity.runtime.log.AvalonLogChute
2018-12-17 15:35:36,467 - Target log system for org.apache.velocity.runtime.log.AvalonLogChute is not available (java.lang.NoClassDefFoundError: org/apache/log/format/Formatter).  Falling back to next log system...
2018-12-17 15:35:36,467 - Trying to use logger class org.apache.velocity.runtime.log.Log4JLogChute
2018-12-17 15:35:36,467 - Using logger class org.apache.velocity.runtime.log.Log4JLogChute
2018-12-17 15:35:36,469 - ResourceLoader instantiated: org.apache.velocity.runtime.resource.loader.ClasspathResourceLoader
2018-12-17 15:35:36,475 - ResourceCache: initialized (class org.apache.velocity.runtime.resource.ResourceCacheImpl) with class java.util.Collections$SynchronizedMap cache map.
2018-12-17 15:35:36,476 - Loaded System Directive: org.apache.velocity.runtime.directive.Stop
2018-12-17 15:35:36,476 - Loaded System Directive: org.apache.velocity.runtime.directive.Define
2018-12-17 15:35:36,476 - Loaded System Directive: org.apache.velocity.runtime.directive.Break
2018-12-17 15:35:36,477 - Loaded System Directive: org.apache.velocity.runtime.directive.Evaluate
2018-12-17 15:35:36,477 - Loaded System Directive: org.apache.velocity.runtime.directive.Literal
2018-12-17 15:35:36,478 - Loaded System Directive: org.apache.velocity.runtime.directive.Macro
2018-12-17 15:35:36,478 - Loaded System Directive: org.apache.velocity.runtime.directive.Parse
2018-12-17 15:35:36,479 - Loaded System Directive: org.apache.velocity.runtime.directive.Include
2018-12-17 15:35:36,479 - Loaded System Directive: org.apache.velocity.runtime.directive.Foreach
2018-12-17 15:35:36,495 - Created '20' parsers.
2018-12-17 15:35:36,498 - Velocimacro : "velocimacro.library" is not set.  Trying default library: VM_global_library.vm
2018-12-17 15:35:36,498 - Could not load resource 'VM_global_library.vm' from ResourceLoader org.apache.velocity.runtime.resource.loader.ClasspathResourceLoader: ClasspathResourceLoader Error: cannot find resource VM_global_library.vm
2018-12-17 15:35:36,498 - Velocimacro : Default library not found.
2018-12-17 15:35:36,498 - Velocimacro : allowInline = true : VMs can be defined inline in templates
2018-12-17 15:35:36,498 - Velocimacro : allowInlineToOverride = false : VMs defined inline may NOT replace previous VM definitions
2018-12-17 15:35:36,498 - Velocimacro : allowInlineLocal = false : VMs defined inline will be global in scope if allowed.
2018-12-17 15:35:36,498 - Velocimacro : autoload off : VM system will not automatically reload global library macros
2018-12-17 15:35:36,511 - ResourceManager : found /templates/entity.java.vm with loader org.apache.velocity.runtime.resource.loader.ClasspathResourceLoader
2018-12-17 15:35:36,517 - Left side (${versionFieldName}) of '==' operation has null value. If it is a reference, it may not be in the context or its toString() returned null. /templates/entity.java.vm[line 76, column 26]
2018-12-17 15:35:36,517 - Left side (${logicDeleteFieldName}) of '==' operation has null value. If it is a reference, it may not be in the context or its toString() returned null. /templates/entity.java.vm[line 80, column 30]
2018-12-17 15:35:36,517 - Left side (${versionFieldName}) of '==' operation has null value. If it is a reference, it may not be in the context or its toString() returned null. /templates/entity.java.vm[line 76, column 26]
2018-12-17 15:35:36,517 - Left side (${logicDeleteFieldName}) of '==' operation has null value. If it is a reference, it may not be in the context or its toString() returned null. /templates/entity.java.vm[line 80, column 30]
2018-12-17 15:35:36,517 - Left side (${versionFieldName}) of '==' operation has null value. If it is a reference, it may not be in the context or its toString() returned null. /templates/entity.java.vm[line 76, column 26]
2018-12-17 15:35:36,517 - Left side (${logicDeleteFieldName}) of '==' operation has null value. If it is a reference, it may not be in the context or its toString() returned null. /templates/entity.java.vm[line 80, column 30]
2018-12-17 15:35:36,517 - Left side (${versionFieldName}) of '==' operation has null value. If it is a reference, it may not be in the context or its toString() returned null. /templates/entity.java.vm[line 76, column 26]
2018-12-17 15:35:36,517 - Left side (${logicDeleteFieldName}) of '==' operation has null value. If it is a reference, it may not be in the context or its toString() returned null. /templates/entity.java.vm[line 80, column 30]
2018-12-17 15:35:36,518 - Left side (${versionFieldName}) of '==' operation has null value. If it is a reference, it may not be in the context or its toString() returned null. /templates/entity.java.vm[line 76, column 26]
2018-12-17 15:35:36,518 - Left side (${logicDeleteFieldName}) of '==' operation has null value. If it is a reference, it may not be in the context or its toString() returned null. /templates/entity.java.vm[line 80, column 30]
2018-12-17 15:35:36,518 - Left side (${versionFieldName}) of '==' operation has null value. If it is a reference, it may not be in the context or its toString() returned null. /templates/entity.java.vm[line 76, column 26]
2018-12-17 15:35:36,518 - Left side (${logicDeleteFieldName}) of '==' operation has null value. If it is a reference, it may not be in the context or its toString() returned null. /templates/entity.java.vm[line 80, column 30]
2018-12-17 15:35:36,518 - Left side (${versionFieldName}) of '==' operation has null value. If it is a reference, it may not be in the context or its toString() returned null. /templates/entity.java.vm[line 76, column 26]
2018-12-17 15:35:36,518 - Left side (${logicDeleteFieldName}) of '==' operation has null value. If it is a reference, it may not be in the context or its toString() returned null. /templates/entity.java.vm[line 80, column 30]
2018-12-17 15:35:36,523 - ResourceManager : found /templates/mapper.java.vm with loader org.apache.velocity.runtime.resource.loader.ClasspathResourceLoader
2018-12-17 15:35:36,524 - ResourceManager : found /templates/mapper.xml.vm with loader org.apache.velocity.runtime.resource.loader.ClasspathResourceLoader
2018-12-17 15:35:36,526 - ResourceManager : found /templates/service.java.vm with loader org.apache.velocity.runtime.resource.loader.ClasspathResourceLoader
2018-12-17 15:35:36,527 - ResourceManager : found /templates/serviceImpl.java.vm with loader org.apache.velocity.runtime.resource.loader.ClasspathResourceLoader
2018-12-17 15:35:36,528 - ResourceManager : found /templates/controller.java.vm with loader org.apache.velocity.runtime.resource.loader.ClasspathResourceLoader
2018-12-17 15:35:36,530 - ResourceManager : found /templates/mapper.xml.vm with loader org.apache.velocity.runtime.resource.loader.ClasspathResourceLoader
2018-12-17 15:35:36,534 - ResourceManager : found /templates/entity.java.vm with loader org.apache.velocity.runtime.resource.loader.ClasspathResourceLoader
2018-12-17 15:35:36,534 - Left side (${versionFieldName}) of '==' operation has null value. If it is a reference, it may not be in the context or its toString() returned null. /templates/entity.java.vm[line 76, column 26]
2018-12-17 15:35:36,535 - Left side (${logicDeleteFieldName}) of '==' operation has null value. If it is a reference, it may not be in the context or its toString() returned null. /templates/entity.java.vm[line 80, column 30]
2018-12-17 15:35:36,535 - Left side (${versionFieldName}) of '==' operation has null value. If it is a reference, it may not be in the context or its toString() returned null. /templates/entity.java.vm[line 76, column 26]
2018-12-17 15:35:36,535 - Left side (${logicDeleteFieldName}) of '==' operation has null value. If it is a reference, it may not be in the context or its toString() returned null. /templates/entity.java.vm[line 80, column 30]
2018-12-17 15:35:36,535 - Left side (${versionFieldName}) of '==' operation has null value. If it is a reference, it may not be in the context or its toString() returned null. /templates/entity.java.vm[line 76, column 26]
2018-12-17 15:35:36,535 - Left side (${logicDeleteFieldName}) of '==' operation has null value. If it is a reference, it may not be in the context or its toString() returned null. /templates/entity.java.vm[line 80, column 30]
2018-12-17 15:35:36,535 - Left side (${versionFieldName}) of '==' operation has null value. If it is a reference, it may not be in the context or its toString() returned null. /templates/entity.java.vm[line 76, column 26]
2018-12-17 15:35:36,535 - Left side (${logicDeleteFieldName}) of '==' operation has null value. If it is a reference, it may not be in the context or its toString() returned null. /templates/entity.java.vm[line 80, column 30]
2018-12-17 15:35:36,535 - Left side (${versionFieldName}) of '==' operation has null value. If it is a reference, it may not be in the context or its toString() returned null. /templates/entity.java.vm[line 76, column 26]
2018-12-17 15:35:36,535 - Left side (${logicDeleteFieldName}) of '==' operation has null value. If it is a reference, it may not be in the context or its toString() returned null. /templates/entity.java.vm[line 80, column 30]
2018-12-17 15:35:36,535 - Left side (${versionFieldName}) of '==' operation has null value. If it is a reference, it may not be in the context or its toString() returned null. /templates/entity.java.vm[line 76, column 26]
2018-12-17 15:35:36,535 - Left side (${logicDeleteFieldName}) of '==' operation has null value. If it is a reference, it may not be in the context or its toString() returned null. /templates/entity.java.vm[line 80, column 30]
2018-12-17 15:35:36,535 - Left side (${versionFieldName}) of '==' operation has null value. If it is a reference, it may not be in the context or its toString() returned null. /templates/entity.java.vm[line 76, column 26]
2018-12-17 15:35:36,535 - Left side (${logicDeleteFieldName}) of '==' operation has null value. If it is a reference, it may not be in the context or its toString() returned null. /templates/entity.java.vm[line 80, column 30]
2018-12-17 15:35:36,535 - Left side (${versionFieldName}) of '==' operation has null value. If it is a reference, it may not be in the context or its toString() returned null. /templates/entity.java.vm[line 76, column 26]
2018-12-17 15:35:36,535 - Left side (${logicDeleteFieldName}) of '==' operation has null value. If it is a reference, it may not be in the context or its toString() returned null. /templates/entity.java.vm[line 80, column 30]
2018-12-17 15:35:36,536 - Left side (${versionFieldName}) of '==' operation has null value. If it is a reference, it may not be in the context or its toString() returned null. /templates/entity.java.vm[line 76, column 26]
2018-12-17 15:35:36,536 - Left side (${logicDeleteFieldName}) of '==' operation has null value. If it is a reference, it may not be in the context or its toString() returned null. /templates/entity.java.vm[line 80, column 30]
2018-12-17 15:35:36,538 - ResourceManager : found /templates/mapper.java.vm with loader org.apache.velocity.runtime.resource.loader.ClasspathResourceLoader
2018-12-17 15:35:36,539 - ResourceManager : found /templates/mapper.xml.vm with loader org.apache.velocity.runtime.resource.loader.ClasspathResourceLoader
2018-12-17 15:35:36,541 - ResourceManager : found /templates/service.java.vm with loader org.apache.velocity.runtime.resource.loader.ClasspathResourceLoader
2018-12-17 15:35:36,542 - ResourceManager : found /templates/serviceImpl.java.vm with loader org.apache.velocity.runtime.resource.loader.ClasspathResourceLoader
2018-12-17 15:35:36,544 - ResourceManager : found /templates/controller.java.vm with loader org.apache.velocity.runtime.resource.loader.ClasspathResourceLoader
2018-12-17 15:35:36,545 - ResourceManager : found /templates/mapper.xml.vm with loader org.apache.velocity.runtime.resource.loader.ClasspathResourceLoader
2018-12-17 15:35:36,549 - ResourceManager : found /templates/entity.java.vm with loader org.apache.velocity.runtime.resource.loader.ClasspathResourceLoader
2018-12-17 15:35:36,549 - Left side (${versionFieldName}) of '==' operation has null value. If it is a reference, it may not be in the context or its toString() returned null. /templates/entity.java.vm[line 76, column 26]
2018-12-17 15:35:36,549 - Left side (${logicDeleteFieldName}) of '==' operation has null value. If it is a reference, it may not be in the context or its toString() returned null. /templates/entity.java.vm[line 80, column 30]
2018-12-17 15:35:36,549 - Left side (${versionFieldName}) of '==' operation has null value. If it is a reference, it may not be in the context or its toString() returned null. /templates/entity.java.vm[line 76, column 26]
2018-12-17 15:35:36,549 - Left side (${logicDeleteFieldName}) of '==' operation has null value. If it is a reference, it may not be in the context or its toString() returned null. /templates/entity.java.vm[line 80, column 30]
2018-12-17 15:35:36,550 - Left side (${versionFieldName}) of '==' operation has null value. If it is a reference, it may not be in the context or its toString() returned null. /templates/entity.java.vm[line 76, column 26]
2018-12-17 15:35:36,550 - Left side (${logicDeleteFieldName}) of '==' operation has null value. If it is a reference, it may not be in the context or its toString() returned null. /templates/entity.java.vm[line 80, column 30]
2018-12-17 15:35:36,550 - Left side (${versionFieldName}) of '==' operation has null value. If it is a reference, it may not be in the context or its toString() returned null. /templates/entity.java.vm[line 76, column 26]
2018-12-17 15:35:36,550 - Left side (${logicDeleteFieldName}) of '==' operation has null value. If it is a reference, it may not be in the context or its toString() returned null. /templates/entity.java.vm[line 80, column 30]
2018-12-17 15:35:36,550 - Left side (${versionFieldName}) of '==' operation has null value. If it is a reference, it may not be in the context or its toString() returned null. /templates/entity.java.vm[line 76, column 26]
2018-12-17 15:35:36,550 - Left side (${logicDeleteFieldName}) of '==' operation has null value. If it is a reference, it may not be in the context or its toString() returned null. /templates/entity.java.vm[line 80, column 30]
2018-12-17 15:35:36,550 - Left side (${versionFieldName}) of '==' operation has null value. If it is a reference, it may not be in the context or its toString() returned null. /templates/entity.java.vm[line 76, column 26]
2018-12-17 15:35:36,550 - Left side (${logicDeleteFieldName}) of '==' operation has null value. If it is a reference, it may not be in the context or its toString() returned null. /templates/entity.java.vm[line 80, column 30]
2018-12-17 15:35:36,551 - ResourceManager : found /templates/mapper.java.vm with loader org.apache.velocity.runtime.resource.loader.ClasspathResourceLoader
2018-12-17 15:35:36,552 - ResourceManager : found /templates/mapper.xml.vm with loader org.apache.velocity.runtime.resource.loader.ClasspathResourceLoader
2018-12-17 15:35:36,554 - ResourceManager : found /templates/service.java.vm with loader org.apache.velocity.runtime.resource.loader.ClasspathResourceLoader
2018-12-17 15:35:36,554 - ResourceManager : found /templates/serviceImpl.java.vm with loader org.apache.velocity.runtime.resource.loader.ClasspathResourceLoader
2018-12-17 15:35:36,555 - ResourceManager : found /templates/controller.java.vm with loader org.apache.velocity.runtime.resource.loader.ClasspathResourceLoader
2018-12-17 15:35:36,557 - ResourceManager : found /templates/mapper.xml.vm with loader org.apache.velocity.runtime.resource.loader.ClasspathResourceLoader
2018-12-17 15:45:50,452 - Log4JLogChute initialized using file 'velocity.log'
2018-12-17 15:45:50,452 - Initializing Velocity, Calling init()...
2018-12-17 15:45:50,452 - Starting Apache Velocity v1.7 (compiled: 2010-11-19 12:14:37)
2018-12-17 15:45:50,452 - Default Properties File: org\apache\velocity\runtime\defaults\velocity.properties
2018-12-17 15:45:50,452 - Trying to use logger class org.apache.velocity.runtime.log.AvalonLogChute
2018-12-17 15:45:50,452 - Target log system for org.apache.velocity.runtime.log.AvalonLogChute is not available (java.lang.NoClassDefFoundError: org/apache/log/format/Formatter).  Falling back to next log system...
2018-12-17 15:45:50,452 - Trying to use logger class org.apache.velocity.runtime.log.Log4JLogChute
2018-12-17 15:45:50,452 - Using logger class org.apache.velocity.runtime.log.Log4JLogChute
2018-12-17 15:45:50,454 - ResourceLoader instantiated: org.apache.velocity.runtime.resource.loader.ClasspathResourceLoader
2018-12-17 15:45:50,460 - ResourceCache: initialized (class org.apache.velocity.runtime.resource.ResourceCacheImpl) with class java.util.Collections$SynchronizedMap cache map.
2018-12-17 15:45:50,461 - Loaded System Directive: org.apache.velocity.runtime.directive.Stop
2018-12-17 15:45:50,461 - Loaded System Directive: org.apache.velocity.runtime.directive.Define
2018-12-17 15:45:50,461 - Loaded System Directive: org.apache.velocity.runtime.directive.Break
2018-12-17 15:45:50,462 - Loaded System Directive: org.apache.velocity.runtime.directive.Evaluate
2018-12-17 15:45:50,462 - Loaded System Directive: org.apache.velocity.runtime.directive.Literal
2018-12-17 15:45:50,462 - Loaded System Directive: org.apache.velocity.runtime.directive.Macro
2018-12-17 15:45:50,463 - Loaded System Directive: org.apache.velocity.runtime.directive.Parse
2018-12-17 15:45:50,463 - Loaded System Directive: org.apache.velocity.runtime.directive.Include
2018-12-17 15:45:50,464 - Loaded System Directive: org.apache.velocity.runtime.directive.Foreach
2018-12-17 15:45:50,478 - Created '20' parsers.
2018-12-17 15:45:50,480 - Velocimacro : "velocimacro.library" is not set.  Trying default library: VM_global_library.vm
2018-12-17 15:45:50,481 - Could not load resource 'VM_global_library.vm' from ResourceLoader org.apache.velocity.runtime.resource.loader.ClasspathResourceLoader: ClasspathResourceLoader Error: cannot find resource VM_global_library.vm
2018-12-17 15:45:50,481 - Velocimacro : Default library not found.
2018-12-17 15:45:50,481 - Velocimacro : allowInline = true : VMs can be defined inline in templates
2018-12-17 15:45:50,481 - Velocimacro : allowInlineToOverride = false : VMs defined inline may NOT replace previous VM definitions
2018-12-17 15:45:50,481 - Velocimacro : allowInlineLocal = false : VMs defined inline will be global in scope if allowed.
2018-12-17 15:45:50,481 - Velocimacro : autoload off : VM system will not automatically reload global library macros
2018-12-17 15:45:50,493 - ResourceManager : found /templates/entity.java.vm with loader org.apache.velocity.runtime.resource.loader.ClasspathResourceLoader
2018-12-17 15:45:50,498 - Left side (${versionFieldName}) of '==' operation has null value. If it is a reference, it may not be in the context or its toString() returned null. /templates/entity.java.vm[line 76, column 26]
2018-12-17 15:45:50,498 - Left side (${logicDeleteFieldName}) of '==' operation has null value. If it is a reference, it may not be in the context or its toString() returned null. /templates/entity.java.vm[line 80, column 30]
2018-12-17 15:45:50,498 - Left side (${versionFieldName}) of '==' operation has null value. If it is a reference, it may not be in the context or its toString() returned null. /templates/entity.java.vm[line 76, column 26]
2018-12-17 15:45:50,498 - Left side (${logicDeleteFieldName}) of '==' operation has null value. If it is a reference, it may not be in the context or its toString() returned null. /templates/entity.java.vm[line 80, column 30]
2018-12-17 15:45:50,498 - Left side (${versionFieldName}) of '==' operation has null value. If it is a reference, it may not be in the context or its toString() returned null. /templates/entity.java.vm[line 76, column 26]
2018-12-17 15:45:50,498 - Left side (${logicDeleteFieldName}) of '==' operation has null value. If it is a reference, it may not be in the context or its toString() returned null. /templates/entity.java.vm[line 80, column 30]
2018-12-17 15:45:50,499 - Left side (${versionFieldName}) of '==' operation has null value. If it is a reference, it may not be in the context or its toString() returned null. /templates/entity.java.vm[line 76, column 26]
2018-12-17 15:45:50,499 - Left side (${logicDeleteFieldName}) of '==' operation has null value. If it is a reference, it may not be in the context or its toString() returned null. /templates/entity.java.vm[line 80, column 30]
2018-12-17 15:45:50,499 - Left side (${versionFieldName}) of '==' operation has null value. If it is a reference, it may not be in the context or its toString() returned null. /templates/entity.java.vm[line 76, column 26]
2018-12-17 15:45:50,499 - Left side (${logicDeleteFieldName}) of '==' operation has null value. If it is a reference, it may not be in the context or its toString() returned null. /templates/entity.java.vm[line 80, column 30]
2018-12-17 15:45:50,499 - Left side (${versionFieldName}) of '==' operation has null value. If it is a reference, it may not be in the context or its toString() returned null. /templates/entity.java.vm[line 76, column 26]
2018-12-17 15:45:50,499 - Left side (${logicDeleteFieldName}) of '==' operation has null value. If it is a reference, it may not be in the context or its toString() returned null. /templates/entity.java.vm[line 80, column 30]
2018-12-17 15:45:50,500 - Left side (${versionFieldName}) of '==' operation has null value. If it is a reference, it may not be in the context or its toString() returned null. /templates/entity.java.vm[line 76, column 26]
2018-12-17 15:45:50,500 - Left side (${logicDeleteFieldName}) of '==' operation has null value. If it is a reference, it may not be in the context or its toString() returned null. /templates/entity.java.vm[line 80, column 30]
2018-12-17 15:45:50,505 - ResourceManager : found /templates/mapper.java.vm with loader org.apache.velocity.runtime.resource.loader.ClasspathResourceLoader
2018-12-17 15:45:50,508 - ResourceManager : found /templates/mapper.xml.vm with loader org.apache.velocity.runtime.resource.loader.ClasspathResourceLoader
2018-12-17 15:45:50,509 - ResourceManager : found /templates/service.java.vm with loader org.apache.velocity.runtime.resource.loader.ClasspathResourceLoader
2018-12-17 15:45:50,511 - ResourceManager : found /templates/serviceImpl.java.vm with loader org.apache.velocity.runtime.resource.loader.ClasspathResourceLoader
2018-12-17 15:45:50,512 - ResourceManager : found /templates/controller.java.vm with loader org.apache.velocity.runtime.resource.loader.ClasspathResourceLoader
2018-12-17 15:45:50,514 - ResourceManager : found /templates/mapper.xml.vm with loader org.apache.velocity.runtime.resource.loader.ClasspathResourceLoader
2018-12-17 15:45:50,519 - ResourceManager : found /templates/entity.java.vm with loader org.apache.velocity.runtime.resource.loader.ClasspathResourceLoader
2018-12-17 15:45:50,519 - Left side (${versionFieldName}) of '==' operation has null value. If it is a reference, it may not be in the context or its toString() returned null. /templates/entity.java.vm[line 76, column 26]
2018-12-17 15:45:50,519 - Left side (${logicDeleteFieldName}) of '==' operation has null value. If it is a reference, it may not be in the context or its toString() returned null. /templates/entity.java.vm[line 80, column 30]
2018-12-17 15:45:50,520 - Left side (${versionFieldName}) of '==' operation has null value. If it is a reference, it may not be in the context or its toString() returned null. /templates/entity.java.vm[line 76, column 26]
2018-12-17 15:45:50,520 - Left side (${logicDeleteFieldName}) of '==' operation has null value. If it is a reference, it may not be in the context or its toString() returned null. /templates/entity.java.vm[line 80, column 30]
2018-12-17 15:45:50,520 - Left side (${versionFieldName}) of '==' operation has null value. If it is a reference, it may not be in the context or its toString() returned null. /templates/entity.java.vm[line 76, column 26]
2018-12-17 15:45:50,520 - Left side (${logicDeleteFieldName}) of '==' operation has null value. If it is a reference, it may not be in the context or its toString() returned null. /templates/entity.java.vm[line 80, column 30]
2018-12-17 15:45:50,520 - Left side (${versionFieldName}) of '==' operation has null value. If it is a reference, it may not be in the context or its toString() returned null. /templates/entity.java.vm[line 76, column 26]
2018-12-17 15:45:50,520 - Left side (${logicDeleteFieldName}) of '==' operation has null value. If it is a reference, it may not be in the context or its toString() returned null. /templates/entity.java.vm[line 80, column 30]
2018-12-17 15:45:50,520 - Left side (${versionFieldName}) of '==' operation has null value. If it is a reference, it may not be in the context or its toString() returned null. /templates/entity.java.vm[line 76, column 26]
2018-12-17 15:45:50,520 - Left side (${logicDeleteFieldName}) of '==' operation has null value. If it is a reference, it may not be in the context or its toString() returned null. /templates/entity.java.vm[line 80, column 30]
2018-12-17 15:45:50,520 - Left side (${versionFieldName}) of '==' operation has null value. If it is a reference, it may not be in the context or its toString() returned null. /templates/entity.java.vm[line 76, column 26]
2018-12-17 15:45:50,520 - Left side (${logicDeleteFieldName}) of '==' operation has null value. If it is a reference, it may not be in the context or its toString() returned null. /templates/entity.java.vm[line 80, column 30]
2018-12-17 15:45:50,520 - Left side (${versionFieldName}) of '==' operation has null value. If it is a reference, it may not be in the context or its toString() returned null. /templates/entity.java.vm[line 76, column 26]
2018-12-17 15:45:50,520 - Left side (${logicDeleteFieldName}) of '==' operation has null value. If it is a reference, it may not be in the context or its toString() returned null. /templates/entity.java.vm[line 80, column 30]
2018-12-17 15:45:50,520 - Left side (${versionFieldName}) of '==' operation has null value. If it is a reference, it may not be in the context or its toString() returned null. /templates/entity.java.vm[line 76, column 26]
2018-12-17 15:45:50,520 - Left side (${logicDeleteFieldName}) of '==' operation has null value. If it is a reference, it may not be in the context or its toString() returned null. /templates/entity.java.vm[line 80, column 30]
2018-12-17 15:45:50,521 - Left side (${versionFieldName}) of '==' operation has null value. If it is a reference, it may not be in the context or its toString() returned null. /templates/entity.java.vm[line 76, column 26]
2018-12-17 15:45:50,521 - Left side (${logicDeleteFieldName}) of '==' operation has null value. If it is a reference, it may not be in the context or its toString() returned null. /templates/entity.java.vm[line 80, column 30]
2018-12-17 15:45:50,523 - ResourceManager : found /templates/mapper.java.vm with loader org.apache.velocity.runtime.resource.loader.ClasspathResourceLoader
2018-12-17 15:45:50,525 - ResourceManager : found /templates/mapper.xml.vm with loader org.apache.velocity.runtime.resource.loader.ClasspathResourceLoader
2018-12-17 15:45:50,526 - ResourceManager : found /templates/service.java.vm with loader org.apache.velocity.runtime.resource.loader.ClasspathResourceLoader
2018-12-17 15:45:50,527 - ResourceManager : found /templates/serviceImpl.java.vm with loader org.apache.velocity.runtime.resource.loader.ClasspathResourceLoader
2018-12-17 15:45:50,528 - ResourceManager : found /templates/controller.java.vm with loader org.apache.velocity.runtime.resource.loader.ClasspathResourceLoader
2018-12-17 15:45:50,529 - ResourceManager : found /templates/mapper.xml.vm with loader org.apache.velocity.runtime.resource.loader.ClasspathResourceLoader
2018-12-17 15:45:50,532 - ResourceManager : found /templates/entity.java.vm with loader org.apache.velocity.runtime.resource.loader.ClasspathResourceLoader
2018-12-17 15:45:50,533 - Left side (${versionFieldName}) of '==' operation has null value. If it is a reference, it may not be in the context or its toString() returned null. /templates/entity.java.vm[line 76, column 26]
2018-12-17 15:45:50,533 - Left side (${logicDeleteFieldName}) of '==' operation has null value. If it is a reference, it may not be in the context or its toString() returned null. /templates/entity.java.vm[line 80, column 30]
2018-12-17 15:45:50,533 - Left side (${versionFieldName}) of '==' operation has null value. If it is a reference, it may not be in the context or its toString() returned null. /templates/entity.java.vm[line 76, column 26]
2018-12-17 15:45:50,533 - Left side (${logicDeleteFieldName}) of '==' operation has null value. If it is a reference, it may not be in the context or its toString() returned null. /templates/entity.java.vm[line 80, column 30]
2018-12-17 15:45:50,533 - Left side (${versionFieldName}) of '==' operation has null value. If it is a reference, it may not be in the context or its toString() returned null. /templates/entity.java.vm[line 76, column 26]
2018-12-17 15:45:50,533 - Left side (${logicDeleteFieldName}) of '==' operation has null value. If it is a reference, it may not be in the context or its toString() returned null. /templates/entity.java.vm[line 80, column 30]
2018-12-17 15:45:50,533 - Left side (${versionFieldName}) of '==' operation has null value. If it is a reference, it may not be in the context or its toString() returned null. /templates/entity.java.vm[line 76, column 26]
2018-12-17 15:45:50,533 - Left side (${logicDeleteFieldName}) of '==' operation has null value. If it is a reference, it may not be in the context or its toString() returned null. /templates/entity.java.vm[line 80, column 30]
2018-12-17 15:45:50,533 - Left side (${versionFieldName}) of '==' operation has null value. If it is a reference, it may not be in the context or its toString() returned null. /templates/entity.java.vm[line 76, column 26]
2018-12-17 15:45:50,533 - Left side (${logicDeleteFieldName}) of '==' operation has null value. If it is a reference, it may not be in the context or its toString() returned null. /templates/entity.java.vm[line 80, column 30]
2018-12-17 15:45:50,533 - Left side (${versionFieldName}) of '==' operation has null value. If it is a reference, it may not be in the context or its toString() returned null. /templates/entity.java.vm[line 76, column 26]
2018-12-17 15:45:50,533 - Left side (${logicDeleteFieldName}) of '==' operation has null value. If it is a reference, it may not be in the context or its toString() returned null. /templates/entity.java.vm[line 80, column 30]
2018-12-17 15:45:50,535 - ResourceManager : found /templates/mapper.java.vm with loader org.apache.velocity.runtime.resource.loader.ClasspathResourceLoader
2018-12-17 15:45:50,536 - ResourceManager : found /templates/mapper.xml.vm with loader org.apache.velocity.runtime.resource.loader.ClasspathResourceLoader
2018-12-17 15:45:50,537 - ResourceManager : found /templates/service.java.vm with loader org.apache.velocity.runtime.resource.loader.ClasspathResourceLoader
2018-12-17 15:45:50,537 - ResourceManager : found /templates/serviceImpl.java.vm with loader org.apache.velocity.runtime.resource.loader.ClasspathResourceLoader
2018-12-17 15:45:50,539 - ResourceManager : found /templates/controller.java.vm with loader org.apache.velocity.runtime.resource.loader.ClasspathResourceLoader
2018-12-17 15:45:50,540 - ResourceManager : found /templates/mapper.xml.vm with loader org.apache.velocity.runtime.resource.loader.ClasspathResourceLoader
